{
  "stats": {
    "suites": 1,
    "tests": 1,
    "passes": 1,
    "pending": 0,
    "failures": 0,
    "start": "2025-05-09T11:26:29.386Z",
    "end": "2025-05-09T11:28:29.222Z",
    "duration": 119836,
    "testsRegistered": 1,
    "passPercent": 100,
    "pendingPercent": 0,
    "other": 0,
    "hasOther": false,
    "skipped": 0,
    "hasSkipped": false
  },
  "results": [
    {
      "uuid": "443d8e73-488d-4d80-bc18-7e5ebc341a25",
      "title": "",
      "fullFile": "cypress\\e2e\\D1_AutomaticTaskUpdate.cy.js",
      "file": "cypress\\e2e\\D1_AutomaticTaskUpdate.cy.js",
      "beforeHooks": [],
      "afterHooks": [],
      "tests": [],
      "suites": [
        {
          "uuid": "ecf3b9c2-329c-4c65-8121-4a3b90d144f8",
          "title": "Automatic task update",
          "fullFile": "",
          "file": "",
          "beforeHooks": [],
          "afterHooks": [],
          "tests": [
            {
              "title": "should show toast message for Automatic task update",
              "fullTitle": "Automatic task update should show toast message for Automatic task update",
              "timedOut": null,
              "duration": 117472,
              "state": "passed",
              "speed": "slow",
              "pass": true,
              "fail": false,
              "pending": false,
              "context": null,
              "code": "cy.viewport(1920, 1080);\n// Step 1: Perform login\n(0, _D1_LoginGroups.login)(_cypressEnv.default.email, _cypressEnv.default.password);\ncy.log('✅ Successfully logged in');\n// Wait until Task Dashboard loads\ncy.get(_cypressEnv.default.taskDashboardHeader, {\n  timeout: 60000\n}).should(\"be.visible\").and(\"contain\", \"Task Dashboard\");\n// Step 2: Navigate to contract\n(0, _D1_ContractGroups.navigate_contract)();\ncy.log('✅ Navigated to contract');\n// Step 3: Add a new ticket\n(0, _D1_AddTicketGroups.add_ticket)();\ncy.log('✅ Ticket added');\n// Step 4: Edit the ticket\n(0, _D1_EditTicketGroups.edit_ticket)();\ncy.log('✅ Ticket edited');\n// Step 5: Add site\n(0, _D1_AddSiteGroups.add_site)();\ncy.log('✅ Site added');\n// Step 6: Add activity\n(0, _D1_AddActivityGroups.add_activity)();\ncy.log('✅ Activity added');\n// Step 7: Add schedule\n(0, _D1_AddScheduleGroups.add_schedule)();\ncy.log('✅ Schedule added');",
              "err": {},
              "uuid": "1c0ad1a3-4d55-4fb5-8a97-79fa88fcdf9b",
              "parentUUID": "ecf3b9c2-329c-4c65-8121-4a3b90d144f8",
              "isHook": false,
              "skipped": false
            }
          ],
          "suites": [],
          "passes": [
            "1c0ad1a3-4d55-4fb5-8a97-79fa88fcdf9b"
          ],
          "failures": [],
          "pending": [],
          "skipped": [],
          "duration": 117472,
          "root": false,
          "rootEmpty": false,
          "_timeout": 2000
        }
      ],
      "passes": [],
      "failures": [],
      "pending": [],
      "skipped": [],
      "duration": 0,
      "root": true,
      "rootEmpty": true,
      "_timeout": 2000
    }
  ],
  "meta": {
    "mocha": {
      "version": "7.2.0"
    },
    "mochawesome": {
      "options": {
        "quiet": false,
        "reportFilename": "mochawesome",
        "saveHtml": true,
        "saveJson": true,
        "consoleReporter": "spec",
        "useInlineDiffs": false,
        "code": true
      },
      "version": "7.1.3"
    },
    "marge": {
      "options": {
        "reportDir": "cypress/reports",
        "overwrite": false,
        "html": true,
        "json": true
      },
      "version": "6.2.0"
    }
  }
}