{
  "stats": {
    "suites": 1,
    "tests": 1,
    "passes": 0,
    "pending": 0,
    "failures": 1,
    "start": "2025-05-09T11:28:33.692Z",
    "end": "2025-05-09T11:30:37.126Z",
    "duration": 123434,
    "testsRegistered": 1,
    "passPercent": 0,
    "pendingPercent": 0,
    "other": 0,
    "hasOther": false,
    "skipped": 0,
    "hasSkipped": false
  },
  "results": [
    {
      "uuid": "b2d38a9a-e40a-4a5b-b7b9-da7888ce49e9",
      "title": "",
      "fullFile": "cypress\\e2e\\D1_BCSyncBadge.cy.js",
      "file": "cypress\\e2e\\D1_BCSyncBadge.cy.js",
      "beforeHooks": [],
      "afterHooks": [],
      "tests": [],
      "suites": [
        {
          "uuid": "554d5c7d-7d07-406b-88d7-a270657102f8",
          "title": "BC Sync Badge",
          "fullFile": "",
          "file": "",
          "beforeHooks": [],
          "afterHooks": [],
          "tests": [
            {
              "title": "should show BC Sync Badge properly",
              "fullTitle": "BC Sync Badge should show BC Sync Badge properly",
              "timedOut": null,
              "duration": 121543,
              "state": "failed",
              "speed": null,
              "pass": false,
              "fail": true,
              "pending": false,
              "context": null,
              "code": "cy.viewport(1920, 1080);\n// Step 1: Perform login\n(0, _D1_LoginGroups.login)(_cypressEnv.default.email, _cypressEnv.default.password);\ncy.log('✅ Successfully logged in');\n// Wait until Task Dashboard loads\ncy.get(_cypressEnv.default.taskDashboardHeader, {\n  timeout: 60000\n}).should(\"be.visible\").and(\"contain\", \"Task Dashboard\");\n// Step 2: Navigate to contract\n(0, _D1_ContractGroups.navigate_contract)();\ncy.log('✅ Navigated to contract');\n// Step 3: Add a new ticket\n(0, _D1_AddTicketGroups.add_ticket)();\ncy.log('✅ Ticket added');\n// Step 4: Edit the ticket\n(0, _D1_EditTicketGroups.edit_ticket)();\ncy.log('✅ Ticket edited');\n// Step 5: Verify Ticket BC Sync badge\n(0, _D1_AddTicketBCSyncGroups.addticketbcsync)();\ncy.log('✅ Ticket BC Sync badge is visible');\n// Step 6: Add site\n(0, _D1_AddSiteGroups.add_site)();\ncy.log('✅ Site added');\n// Step 7: Add activity\n(0, _D1_AddActivityGroups.add_activity)();\ncy.log('✅ Activity added');\n// Step 8: Verify Activity BC Sync badge\n(0, _D1_ActivityBCSyncGroups.activitybcsync)();\ncy.log('✅ Activity BC Sync badge is visible');\n// Step 9: Add schedule\n(0, _D1_AddScheduleGroups.add_schedule)();\ncy.log('✅ Schedule added');\n// Step 10: Click on Buy tab\ncy.get(_cypressEnv.default.buyTabIcon).contains(_cypressEnv.default.buyTabText).should('be.visible').click();\n// Step 11: Wait until the page loads completely\ncy.contains(_cypressEnv.default.stagedLabel, 'Staged', {\n  timeout: 10000\n}).should('be.visible');\n// Step 12: Click on Edit PO button\ncy.get(_cypressEnv.default.editPOIcon).contains('edit').first().click();\n// Step 13: Ensure modal appears\ncy.get(_cypressEnv.default.modalContainerLg, {\n  timeout: 20000\n}).should('exist').and('be.visible');\n// Step 14: Ensure modal header appears\ncy.get(_cypressEnv.default.modalHeaderPO).should('contain', 'Edit PO/WO');\n// Step 15: Add PO Scope\n(0, _D1_POScopeGroups.po_scope)();\ncy.log('✅ PO Scope added');\n// Step 16: Add PO Activity\n(0, _D1_POActivitiesGroups.po_activities)();\ncy.log('✅ PO Activity added');\n// Step 17: Add PO Deliverables\n(0, _D1_PODeliverablesGroups.po_deliverables)();\ncy.log('✅ PO Deliverables added');\n// Step 18: Assign Technician\n(0, _D1_POAssignTech.po_assigntech)();\ncy.log('✅ PO Assigned Technician');\n// Step 19: Verify PO Details BC Sync badge\n(0, _D1_PODetailsBCSyncGroups.podetailsbcsync)();\ncy.log('✅ PO Details BC Sync badge is visible');\n// // Step 20: Review technician\n// po_reviewtech();\n// cy.log('✅ Review technician');\n// Step 2: Navigate to contract\n(0, _D1_ContractGroups.navigate_contract)();\ncy.log('✅ Navigated to contract');\n//searchpagebcsync();\n(0, _D1_SearchPageBCSyncGroups.searchpagebcsync)();\ncy.log('✅ BC Sync badge is visible in search page');",
              "err": {
                "message": "AssertionError: Timed out retrying after 60000ms: Expected to find element: `button.normal.show-button mat-icon[role='img]`, but never found it.",
                "estack": "AssertionError: Timed out retrying after 60000ms: Expected to find element: `button.normal.show-button mat-icon[role='img]`, but never found it.\n    at addticketbcsync (webpack://cypressproject-1/./cypress/support/D1_AddTicketBCSyncGroups.js:9:5)\n    at Context.eval (webpack://cypressproject-1/./cypress/e2e/D1_BCSyncBadge.cy.js:50:20)",
                "diff": null
              },
              "uuid": "b7cf10e2-3561-4ae0-ab33-ae7dd2666123",
              "parentUUID": "554d5c7d-7d07-406b-88d7-a270657102f8",
              "isHook": false,
              "skipped": false
            }
          ],
          "suites": [],
          "passes": [],
          "failures": [
            "b7cf10e2-3561-4ae0-ab33-ae7dd2666123"
          ],
          "pending": [],
          "skipped": [],
          "duration": 121543,
          "root": false,
          "rootEmpty": false,
          "_timeout": 2000
        }
      ],
      "passes": [],
      "failures": [],
      "pending": [],
      "skipped": [],
      "duration": 0,
      "root": true,
      "rootEmpty": true,
      "_timeout": 2000
    }
  ],
  "meta": {
    "mocha": {
      "version": "7.2.0"
    },
    "mochawesome": {
      "options": {
        "quiet": false,
        "reportFilename": "mochawesome",
        "saveHtml": true,
        "saveJson": true,
        "consoleReporter": "spec",
        "useInlineDiffs": false,
        "code": true
      },
      "version": "7.1.3"
    },
    "marge": {
      "options": {
        "reportDir": "cypress/reports",
        "overwrite": false,
        "html": true,
        "json": true
      },
      "version": "6.2.0"
    }
  }
}