{
  "stats": {
    "suites": 1,
    "tests": 1,
    "passes": 1,
    "pending": 0,
    "failures": 0,
    "start": "2025-05-09T11:30:39.940Z",
    "end": "2025-05-09T11:31:20.311Z",
    "duration": 40371,
    "testsRegistered": 1,
    "passPercent": 100,
    "pendingPercent": 0,
    "other": 0,
    "hasOther": false,
    "skipped": 0,
    "hasSkipped": false
  },
  "results": [
    {
      "uuid": "b6dc6cf3-4cb9-42cf-8eac-eb3ef0350a93",
      "title": "",
      "fullFile": "cypress\\e2e\\D1_BulkUploadLocation.cy.js",
      "file": "cypress\\e2e\\D1_BulkUploadLocation.cy.js",
      "beforeHooks": [],
      "afterHooks": [],
      "tests": [],
      "suites": [
        {
          "uuid": "7cb7222b-2ffd-4ff1-9823-7c5f2caa4de9",
          "title": "Bulk Upload Client Location",
          "fullFile": "",
          "file": "",
          "beforeHooks": [],
          "afterHooks": [],
          "tests": [
            {
              "title": "should bulk upload client location",
              "fullTitle": "Bulk Upload Client Location should bulk upload client location",
              "timedOut": null,
              "duration": 38383,
              "state": "passed",
              "speed": "slow",
              "pass": true,
              "fail": false,
              "pending": false,
              "context": null,
              "code": "// Step 1: Perform login\n(0, _D1_LoginGroups.login)(_cypressEnv.default.email, _cypressEnv.default.password);\ncy.log('✅ Successfully logged in');\ncy.viewport(1920, 1080);\n// Wait until Task Dashboard loads\ncy.get(_cypressEnv.default.taskDashboardHeader, {\n  timeout: 60000\n}).should(\"be.visible\").and(\"contain\", \"Task Dashboard\");\n// Step 2: Add location\n(0, _D1_BulkUploadLocation.d1_bulkuploadlocaton)();\ncy.log('✅ Location added');",
              "err": {},
              "uuid": "c88f35d0-212a-4b5e-bad3-6da8c531466d",
              "parentUUID": "7cb7222b-2ffd-4ff1-9823-7c5f2caa4de9",
              "isHook": false,
              "skipped": false
            }
          ],
          "suites": [],
          "passes": [
            "c88f35d0-212a-4b5e-bad3-6da8c531466d"
          ],
          "failures": [],
          "pending": [],
          "skipped": [],
          "duration": 38383,
          "root": false,
          "rootEmpty": false,
          "_timeout": 2000
        }
      ],
      "passes": [],
      "failures": [],
      "pending": [],
      "skipped": [],
      "duration": 0,
      "root": true,
      "rootEmpty": true,
      "_timeout": 2000
    }
  ],
  "meta": {
    "mocha": {
      "version": "7.2.0"
    },
    "mochawesome": {
      "options": {
        "quiet": false,
        "reportFilename": "mochawesome",
        "saveHtml": true,
        "saveJson": true,
        "consoleReporter": "spec",
        "useInlineDiffs": false,
        "code": true
      },
      "version": "7.1.3"
    },
    "marge": {
      "options": {
        "reportDir": "cypress/reports",
        "overwrite": false,
        "html": true,
        "json": true
      },
      "version": "6.2.0"
    }
  }
}