{
  "stats": {
    "suites": 1,
    "tests": 1,
    "passes": 0,
    "pending": 0,
    "failures": 1,
    "start": "2025-05-09T11:34:29.184Z",
    "end": "2025-05-09T11:35:22.756Z",
    "duration": 53572,
    "testsRegistered": 1,
    "passPercent": 0,
    "pendingPercent": 0,
    "other": 0,
    "hasOther": false,
    "skipped": 0,
    "hasSkipped": false
  },
  "results": [
    {
      "uuid": "f3034bdb-cebf-4c0c-a070-b6a2e6793501",
      "title": "",
      "fullFile": "cypress\\e2e\\D1_Deals.cy.js",
      "file": "cypress\\e2e\\D1_Deals.cy.js",
      "beforeHooks": [],
      "afterHooks": [],
      "tests": [],
      "suites": [
        {
          "uuid": "04b856eb-5a4f-4e0f-9910-0b10db56f600",
          "title": "Add Deal",
          "fullFile": "",
          "file": "",
          "beforeHooks": [],
          "afterHooks": [],
          "tests": [
            {
              "title": "should add a Deal",
              "fullTitle": "Add Deal should add a Deal",
              "timedOut": null,
              "duration": 52095,
              "state": "failed",
              "speed": null,
              "pass": false,
              "fail": true,
              "pending": false,
              "context": null,
              "code": "cy.viewport(1920, 1080);\ncy.log('✅ Viewport set to 1920x1080');\n// Step 1: Perform login\n(0, _D1_LoginGroups.login)(_cypressEnv.default.email, _cypressEnv.default.password);\ncy.log('✅ Successfully logged in');\n// Step 3: Add new Deal\n(0, _D1_AddDealGroups.d1_adddeal)();\ncy.log('✅ Deal added successfully');",
              "err": {
                "message": "AssertionError: Timed out retrying after 10000ms: Expected to find content: 'Deal Updated successfully.' within the element: <div.cds--modal-container.cds--modal-container--md> but never did.",
                "estack": "AssertionError: Timed out retrying after 10000ms: Expected to find content: 'Deal Updated successfully.' within the element: <div.cds--modal-container.cds--modal-container--md> but never did.\n    at Context.eval (webpack://cypressproject-1/./cypress/support/D1_AddDealGroups.js:138:7)\n    at withinFn (https://core.dispatch1.com/__cypress/runner/cypress_runner.js:134547:8)\n    at <unknown> (https://core.dispatch1.com/__cypress/runner/cypress_runner.js:134628:16)\n    at __WEBPACK_DEFAULT_EXPORT__ (https://core.dispatch1.com/__cypress/runner/cypress_runner.js:132486:10)\n    at Context.within (https://core.dispatch1.com/__cypress/runner/cypress_runner.js:134614:67)\n    at wrapped (https://core.dispatch1.com/__cypress/runner/cypress_runner.js:140173:19)",
                "diff": null
              },
              "uuid": "c41d4548-558f-4ee3-b8f4-ec0956d50bcd",
              "parentUUID": "04b856eb-5a4f-4e0f-9910-0b10db56f600",
              "isHook": false,
              "skipped": false
            }
          ],
          "suites": [],
          "passes": [],
          "failures": [
            "c41d4548-558f-4ee3-b8f4-ec0956d50bcd"
          ],
          "pending": [],
          "skipped": [],
          "duration": 52095,
          "root": false,
          "rootEmpty": false,
          "_timeout": 2000
        }
      ],
      "passes": [],
      "failures": [],
      "pending": [],
      "skipped": [],
      "duration": 0,
      "root": true,
      "rootEmpty": true,
      "_timeout": 2000
    }
  ],
  "meta": {
    "mocha": {
      "version": "7.2.0"
    },
    "mochawesome": {
      "options": {
        "quiet": false,
        "reportFilename": "mochawesome",
        "saveHtml": true,
        "saveJson": true,
        "consoleReporter": "spec",
        "useInlineDiffs": false,
        "code": true
      },
      "version": "7.1.3"
    },
    "marge": {
      "options": {
        "reportDir": "cypress/reports",
        "overwrite": false,
        "html": true,
        "json": true
      },
      "version": "6.2.0"
    }
  }
}