{
  "stats": {
    "suites": 1,
    "tests": 1,
    "passes": 1,
    "pending": 0,
    "failures": 0,
    "start": "2025-05-09T11:35:25.206Z",
    "end": "2025-05-09T11:36:16.376Z",
    "duration": 51170,
    "testsRegistered": 1,
    "passPercent": 100,
    "pendingPercent": 0,
    "other": 0,
    "hasOther": false,
    "skipped": 0,
    "hasSkipped": false
  },
  "results": [
    {
      "uuid": "8b108ad6-d499-426b-8c0a-519a5ee7e581",
      "title": "",
      "fullFile": "cypress\\e2e\\D1_Technicians.cy.js",
      "file": "cypress\\e2e\\D1_Technicians.cy.js",
      "beforeHooks": [],
      "afterHooks": [],
      "tests": [],
      "suites": [
        {
          "uuid": "16f404a0-d4ee-4b6b-80d6-8b59ee0d32f2",
          "title": "Add Technician",
          "fullFile": "",
          "file": "",
          "beforeHooks": [],
          "afterHooks": [],
          "tests": [
            {
              "title": "should add a technician",
              "fullTitle": "Add Technician should add a technician",
              "timedOut": null,
              "duration": 49355,
              "state": "passed",
              "speed": "slow",
              "pass": true,
              "fail": false,
              "pending": false,
              "context": null,
              "code": "cy.viewport(1920, 1080);\ncy.log('✅ Viewport set to 1920x1080');\n// Step 1: Perform login\n(0, _D1_LoginGroups.login)(_cypressEnv.default.email, _cypressEnv.default.password);\ncy.log('✅ Successfully logged in');\n// Step 3: Add a new technician\n(0, _D1_AddTechnicianGroups.d1_addtechnician)();\ncy.log('✅ Technician added successfully');",
              "err": {},
              "uuid": "4f23fa64-6684-440d-8672-e18edb50ee59",
              "parentUUID": "16f404a0-d4ee-4b6b-80d6-8b59ee0d32f2",
              "isHook": false,
              "skipped": false
            }
          ],
          "suites": [],
          "passes": [
            "4f23fa64-6684-440d-8672-e18edb50ee59"
          ],
          "failures": [],
          "pending": [],
          "skipped": [],
          "duration": 49355,
          "root": false,
          "rootEmpty": false,
          "_timeout": 2000
        }
      ],
      "passes": [],
      "failures": [],
      "pending": [],
      "skipped": [],
      "duration": 0,
      "root": true,
      "rootEmpty": true,
      "_timeout": 2000
    }
  ],
  "meta": {
    "mocha": {
      "version": "7.2.0"
    },
    "mochawesome": {
      "options": {
        "quiet": false,
        "reportFilename": "mochawesome",
        "saveHtml": true,
        "saveJson": true,
        "consoleReporter": "spec",
        "useInlineDiffs": false,
        "code": true
      },
      "version": "7.1.3"
    },
    "marge": {
      "options": {
        "reportDir": "cypress/reports",
        "overwrite": false,
        "html": true,
        "json": true
      },
      "version": "6.2.0"
    }
  }
}