{
  "stats": {
    "suites": 1,
    "tests": 1,
    "passes": 1,
    "pending": 0,
    "failures": 0,
    "start": "2025-05-09T11:25:03.760Z",
    "end": "2025-05-09T11:25:52.651Z",
    "duration": 48891,
    "testsRegistered": 1,
    "passPercent": 100,
    "pendingPercent": 0,
    "other": 0,
    "hasOther": false,
    "skipped": 0,
    "hasSkipped": false
  },
  "results": [
    {
      "uuid": "49398535-01e3-4ef1-b539-89efe7e9735d",
      "title": "",
      "fullFile": "cypress\\e2e\\CP_CreateTicket.cy.js",
      "file": "cypress\\e2e\\CP_CreateTicket.cy.js",
      "beforeHooks": [],
      "afterHooks": [],
      "tests": [],
      "suites": [
        {
          "uuid": "b2be423c-fe70-4db8-acb2-5323aa01a560",
          "title": "Client Portal - Add Ticket Flow",
          "fullFile": "",
          "file": "",
          "beforeHooks": [],
          "afterHooks": [],
          "tests": [
            {
              "title": "should successfully add a new ticket through the Client Portal",
              "fullTitle": "Client Portal - Add Ticket Flow should successfully add a new ticket through the Client Portal",
              "timedOut": null,
              "duration": 47147,
              "state": "passed",
              "speed": "slow",
              "pass": true,
              "fail": false,
              "pending": false,
              "context": null,
              "code": "cy.viewport(1920, 1080);\n// Step 1: Log in to the Client Portal\n(0, _CP_LoginGroups.cp_login)(_cypressEnv.default.email, _cypressEnv.default.password);\ncy.log('✅ Successfully logged in');\n// Step 2: Wait for the dashboard to load\ncy.get(_cypressEnv.default.clientPortal.Dashboard, {\n  timeout: 50000\n}).should('be.visible');\ncy.log('✅ Dashboard is visible');\n// Step 3: Add a new ticket\n(0, _CP_CreateTicketGroups.cp_addticket)();\ncy.log('✅ Ticket added');\n// Step 4: Navigate to My Tickets and extract ticket number\ncy.get(_cypressEnv.default.clientPortal.MyTicketsLink).should('be.visible').click();\ncy.log('✅ Success: Clicked My Tickets');\ncy.contains('h1', 'My Tickets', {\n  timeout: 60000\n}).should(\"be.visible\");\ncy.log('✅ Success: My Tickets page loaded');\ncy.get('.ticket-no').first().invoke('text').then(cpticketTitle => {\n  cy.log('Full text: ' + cpticketTitle);\n  const cpticketNumber = cpticketTitle.trim().split(',')[1]; // e.g. 'FSDP-2706-239175'\n  cy.wrap(cpticketNumber).as('cpTicketNumber');\n  cy.log('✅ Ticket Number: ' + cpticketNumber);\n});",
              "err": {},
              "uuid": "cba206c1-5bbb-4b3f-99a4-2fdd3869db00",
              "parentUUID": "b2be423c-fe70-4db8-acb2-5323aa01a560",
              "isHook": false,
              "skipped": false
            }
          ],
          "suites": [],
          "passes": [
            "cba206c1-5bbb-4b3f-99a4-2fdd3869db00"
          ],
          "failures": [],
          "pending": [],
          "skipped": [],
          "duration": 47147,
          "root": false,
          "rootEmpty": false,
          "_timeout": 2000
        }
      ],
      "passes": [],
      "failures": [],
      "pending": [],
      "skipped": [],
      "duration": 0,
      "root": true,
      "rootEmpty": true,
      "_timeout": 2000
    }
  ],
  "meta": {
    "mocha": {
      "version": "7.2.0"
    },
    "mochawesome": {
      "options": {
        "quiet": false,
        "reportFilename": "mochawesome",
        "saveHtml": true,
        "saveJson": true,
        "consoleReporter": "spec",
        "useInlineDiffs": false,
        "code": true
      },
      "version": "7.1.3"
    },
    "marge": {
      "options": {
        "reportDir": "cypress/reports",
        "overwrite": false,
        "html": true,
        "json": true
      },
      "version": "6.2.0"
    }
  }
}