{
  "stats": {
    "suites": 1,
    "tests": 1,
    "passes": 0,
    "pending": 0,
    "failures": 1,
    "start": "2025-05-09T11:24:26.597Z",
    "end": "2025-05-09T11:25:01.288Z",
    "duration": 34691,
    "testsRegistered": 1,
    "passPercent": 0,
    "pendingPercent": 0,
    "other": 0,
    "hasOther": false,
    "skipped": 0,
    "hasSkipped": false
  },
  "results": [
    {
      "uuid": "6d511af6-363b-42d7-b032-1723be5f6aef",
      "title": "",
      "fullFile": "cypress\\e2e\\CP_ClientLocation.cy.js",
      "file": "cypress\\e2e\\CP_ClientLocation.cy.js",
      "beforeHooks": [],
      "afterHooks": [],
      "tests": [],
      "suites": [
        {
          "uuid": "b179b372-567d-49b0-a417-b86a79b19105",
          "title": "Client Portal - Add location",
          "fullFile": "",
          "file": "",
          "beforeHooks": [],
          "afterHooks": [],
          "tests": [
            {
              "title": "should successfully add a new location through the Client Portal",
              "fullTitle": "Client Portal - Add location should successfully add a new location through the Client Portal",
              "timedOut": null,
              "duration": 32431,
              "state": "failed",
              "speed": null,
              "pass": false,
              "fail": true,
              "pending": false,
              "context": null,
              "code": "cy.viewport(1920, 1080);\n// Step 1: Log in to the Client Portal\n(0, _CP_LoginGroups.cp_login)(_cypressEnv.default.email, _cypressEnv.default.password);\ncy.log('✅ Successfully logged in');\n// Step 2: Wait for the dashboard to load\ncy.get(_cypressEnv.default.clientPortal.Dashboard, {\n  timeout: 50000\n}).should('be.visible');\ncy.log('✅ Dashboard is visible');\n// Step 3: Add a new location\n(0, _CP_AddClientLocationGroups.cp_addclientlocation)();\ncy.log('✅ Location added via Locations tab');\n// Step 4: Edit and delete location\n(0, _CP_EditDeleteLocationGroups.cp_editdeletelocation)();\ncy.log('✅ Location edited and deleted successfully');",
              "err": {
                "message": "AssertionError: Timed out retrying after 4000ms: Expected to find content: 'Test End Client Portal #1' within the element: <div.ng-option.ng-option-disabled> but never did.",
                "estack": "AssertionError: Timed out retrying after 4000ms: Expected to find content: 'Test End Client Portal #1' within the element: <div.ng-option.ng-option-disabled> but never did.\n    at cp_addclientlocation (webpack://cypressproject-1/./cypress/support/CP_AddClientLocationGroups.js:29:5)\n    at Context.eval (webpack://cypressproject-1/./cypress/e2e/CP_ClientLocation.cy.js:24:25)",
                "diff": null
              },
              "uuid": "54c697b7-9f13-4762-a323-0db79c29bcbb",
              "parentUUID": "b179b372-567d-49b0-a417-b86a79b19105",
              "isHook": false,
              "skipped": false
            }
          ],
          "suites": [],
          "passes": [],
          "failures": [
            "54c697b7-9f13-4762-a323-0db79c29bcbb"
          ],
          "pending": [],
          "skipped": [],
          "duration": 32431,
          "root": false,
          "rootEmpty": false,
          "_timeout": 2000
        }
      ],
      "passes": [],
      "failures": [],
      "pending": [],
      "skipped": [],
      "duration": 0,
      "root": true,
      "rootEmpty": true,
      "_timeout": 2000
    }
  ],
  "meta": {
    "mocha": {
      "version": "7.2.0"
    },
    "mochawesome": {
      "options": {
        "quiet": false,
        "reportFilename": "mochawesome",
        "saveHtml": true,
        "saveJson": true,
        "consoleReporter": "spec",
        "useInlineDiffs": false,
        "code": true
      },
      "version": "7.1.3"
    },
    "marge": {
      "options": {
        "reportDir": "cypress/reports",
        "overwrite": false,
        "html": true,
        "json": true
      },
      "version": "6.2.0"
    }
  }
}